12.28.28 - 00:0012.29.00 - 0:01
12.30.00 - 0:0212.31.00 - 0:0312.32.00 - 0:0412.33.04 - 00:0012.36.36 - 00:0012.37.00 - 0:01
12.38.00 - 0:02
12.41.00 - 00:0012.42.00 - 0:01
12.43.00 - 0:02
12.44.00 - 0:03
12.45.00 - 0:04
12.46.00 - 0:05
12.47.00 - 0:06
12.48.00 - 0:07
12.49.00 - 0:08
12.50.00 - 0:09
12.51.00 - 0:10
12.52.00 - 0:11
12.53.00 - 0:12
12.54.00 - 0:13
12.55.00 - 0:14
12.56.00 - 0:15
12.57.00 - 0:16
12.58.00 - 0:17
12.59.00 - 0:18
13.00.00 - 0:19
13.01.00 - 0:20
13.02.00 - 0:21
13.03.00 - 0:22
13.04.00 - 0:23
13.05.00 - 0:24
13.06.00 - 0:25
13.07.00 - 0:26
13.08.00 - 0:27
13.09.00 - 0:28
13.10.00 - 0:29
13.11.00 - 0:30
13.12.00 - 0:31
13.13.00 - 0:32
13.14.00 - 0:33
13.15.00 - 0:34
13.16.00 - 0:35
13.17.00 - 0:36
13.18.00 - 0:37
13.19.00 - 0:38
13.19.38 - 00:0013.23.00 - 00:0413.23.56 - 00:0013.24.00 - 00:0113.25.21 - 00:0013.26.00 - 00:01
13.26.15 - 00:0013.26.40 - 00:0013.27.00 - 00:01
13.28.00 - 00:02
13.29.00 - 00:03
13.30.00 - 00:04
13.31.00 - 00:05
13.32.00 - 00:06
13.33.00 - 00:07
13.34.00 - 00:08
13.35.00 - 00:09
13.36.00 - 00:10
13.37.00 - 00:11
13.38.00 - 00:12
13.38.16 - 00:0013.38.39 - 00:0013.38.43 - 00:0013.39.16 - 00:0013.42.38 - 00:0013.43.00 - 00:01
13.44.00 - 00:02
13.45.00 - 00:03
13.46.00 - 00:04
13.47.00 - 00:05
13.48.00 - 00:06
13.49.00 - 00:07
13.50.00 - 00:08
13.51.00 - 00:09
13.52.00 - 00:10
13.53.00 - 00:11
13.54.00 - 00:12
13.54.56 - 00:0013.55.00 - 00:01
13.55.00 - 00:13
13.56.00 - 00:02
13.56.00 - 00:14
13.57.10 - 00:00
13.58.00 - 00:01
13.59.00 - 00:02
